nohup: ignoring input
[3gH    H    H    H    H    H    H    H    H    H    H    H    H    H    H    H    H    H    H    H   [INFO] Using python from: /home/team2/miniconda3/envs/env_isaaclab/bin/python
[INFO][AppLauncher]: Using device: cuda:0
[INFO][AppLauncher]: Loading experience file: /home/team2/IsaacLab/apps/isaaclab.python.headless.kit
BOOSTER_K1_CFG.actuators={'legs': DelayedImplicitActuatorCfg(class_type=<class 'booster_train.assets.robots.actuator.DelayedImplicitActuator'>, joint_names_expr=['.*_Hip_Pitch', '.*_Hip_Roll', '.*_Hip_Yaw', '.*_Knee_Pitch'], effort_limit=None, velocity_limit=None, effort_limit_sim={'.*_Hip_Pitch': 30.0, '.*_Hip_Roll': 35.0, '.*_Hip_Yaw': 20.0, '.*_Knee_Pitch': 40.0}, velocity_limit_sim={'.*_Hip_Pitch': 8.0, '.*_Hip_Roll': 12.9, '.*_Hip_Yaw': 18.0, '.*_Knee_Pitch': 12.5}, stiffness={'.*_Hip_Pitch': 80.0, '.*_Hip_Roll': 80.0, '.*_Hip_Yaw': 80.0, '.*_Knee_Pitch': 80.0}, damping={'.*_Hip_Pitch': 2.0, '.*_Hip_Roll': 2.0, '.*_Hip_Yaw': 2.0, '.*_Knee_Pitch': 2.0}, armature={'.*_Hip_Pitch': 0.0478125, '.*_Hip_Roll': 0.0339552, '.*_Hip_Yaw': 0.0282528, '.*_Knee_Pitch': 0.095625}, friction=None, dynamic_friction=None, viscous_friction=None, min_delay=2, max_delay=8), 'feet': DelayedImplicitActuatorCfg(class_type=<class 'booster_train.assets.robots.actuator.DelayedImplicitActuator'>, joint_names_expr=['.*_Ankle_Pitch', '.*_Ankle_Roll'], effort_limit=None, velocity_limit=None, effort_limit_sim=20.0, velocity_limit_sim=18.0, stiffness=30, damping=2.0, armature=0.0565056, friction=None, dynamic_friction=None, viscous_friction=None, min_delay=2, max_delay=8), 'arms': DelayedImplicitActuatorCfg(class_type=<class 'booster_train.assets.robots.actuator.DelayedImplicitActuator'>, joint_names_expr=['.*_Shoulder_Pitch', '.*_Shoulder_Roll', '.*_Elbow_Pitch', '.*_Elbow_Yaw'], effort_limit=None, velocity_limit=None, effort_limit_sim={'.*_Shoulder_Pitch': 14.0, '.*_Shoulder_Roll': 14.0, '.*_Elbow_Pitch': 14.0, '.*_Elbow_Yaw': 14.0}, velocity_limit_sim={'.*_Shoulder_Pitch': 18.0, '.*_Shoulder_Roll': 18.0, '.*_Elbow_Pitch': 18.0, '.*_Elbow_Yaw': 18.0}, stiffness={'.*_Shoulder_Pitch': 4.0, '.*_Shoulder_Roll': 4.0, '.*_Elbow_Pitch': 4.0, '.*_Elbow_Yaw': 4.0}, damping={'.*_Shoulder_Pitch': 1.0, '.*_Shoulder_Roll': 1.0, '.*_Elbow_Pitch': 1.0, '.*_Elbow_Yaw': 1.0}, armature={'.*_Shoulder_Pitch': 0.001, '.*_Shoulder_Roll': 0.001, '.*_Elbow_Pitch': 0.001, '.*_Elbow_Yaw': 0.001}, friction=None, dynamic_friction=None, viscous_friction=None, min_delay=2, max_delay=8), 'head': DelayedImplicitActuatorCfg(class_type=<class 'booster_train.assets.robots.actuator.DelayedImplicitActuator'>, joint_names_expr=['.*Head.*'], effort_limit=None, velocity_limit=None, effort_limit_sim=6.0, velocity_limit_sim=20.0, stiffness=4.0, damping=1.0, armature=0.001, friction=None, dynamic_friction=None, viscous_friction=None, min_delay=2, max_delay=8)}
K1_ACTION_SCALE={'.*_Hip_Pitch': 0.09375, '.*_Hip_Roll': 0.109375, '.*_Hip_Yaw': 0.0625, '.*_Knee_Pitch': 0.125, '.*_Ankle_Pitch': 0.16666666666666666, '.*_Ankle_Roll': 0.16666666666666666, '.*_Shoulder_Pitch': 0.875, '.*_Shoulder_Roll': 0.875, '.*_Elbow_Pitch': 0.875, '.*_Elbow_Yaw': 0.875, '.*Head.*': 0.375}
Loading user config located at: '/home/team2/miniconda3/envs/env_isaaclab/lib/python3.11/site-packages/isaacsim/kit/data/Kit/Isaac-Sim/5.1/user.config.json'
[Info] [carb] Logging to file: /home/team2/miniconda3/envs/env_isaaclab/lib/python3.11/site-packages/isaacsim/kit/logs/Kit/Isaac-Sim/5.1/kit_20260430_160617.log
2026-04-30T21:06:17Z [86ms] [Warning] [omni.usd_config.extension] Enable omni.materialx.libs extension to use MaterialX
2026-04-30T21:06:18Z [384ms] [Warning] [omni.platforminfo.plugin] failed to open the default display.  Can't verify X Server version.
2026-04-30T21:06:18Z [535ms] [Warning] [carb] Acquiring non optional plugin interface which is not listed as dependency: [omni::physx::IPhysxBenchmarks v1.0] (plugin: <default plugin>), by client: omni.physics.physx.plugin. Add it to CARB_PLUGIN_IMPL_DEPS() macro of a client.
2026-04-30T21:06:18Z [545ms] [Warning] [omni.isaac.dynamic_control] omni.isaac.dynamic_control is deprecated as of Isaac Sim 4.5. No action is needed from end-users.

|---------------------------------------------------------------------------------------------|
| Driver Version: 580.126.09    | Graphics API: Vulkan
|=============================================================================================|
| GPU | Name                             | Active | LDA | GPU Memory | Vendor-ID | LUID       |
|     |                                  |        |     |            | Device-ID | UUID       |
|     |                                  |        |     |            | Bus-ID    |            |
|---------------------------------------------------------------------------------------------|
| 0   | NVIDIA GeForce RTX 4090          | Yes: 0 |     | 24564   MB | 10de      | 0          |
|     |                                  |        |     |            | 2684      | 85dee919.. |
|     |                                  |        |     |            | 1         |            |
|=============================================================================================|
| OS: 22.04.5 LTS (Jammy Jellyfish) ubuntu, Version: 22.04.5, Kernel: 6.8.0-90-generic
| Processor: 13th Gen Intel(R) Core(TM) i9-13900K
| Bare Metal Cores: 24 | Bare Metal Logical Cores: 48
| Available Cores:  32 
|---------------------------------------------------------------------------------------------|
| Total Memory (MB): 64067 | Free Memory: 32582
| Total Page/Swap (MB): 2047 | Free Page/Swap: 0
|---------------------------------------------------------------------------------------------|
2026-04-30T21:06:22Z [4,343ms] [Warning] [gpu.foundation.plugin] IOMMU is enabled.
2026-04-30T21:06:22Z [4,364ms] [Warning] [omni.kvdb.plugin] Disabling key-value database because another kit process is locking it
Traceback (most recent call last):
  File "/home/team2/IsaacLab/scripts/reinforcement_learning/rsl_rl/train.py", line 235, in <module>
    main()
  File "/home/team2/IsaacLab/source/isaaclab_tasks/isaaclab_tasks/utils/hydra.py", line 80, in wrapper
    env_cfg, agent_cfg = register_task_to_hydra(task_name.split(":")[-1], agent_cfg_entry_point)
                         ^^^^^^^^^^^^^^^^^^^^^^^^^^^^^^^^^^^^^^^^^^^^^^^^^^^^^^^^^^^^^^^^^^^^^^^
  File "/home/team2/IsaacLab/source/isaaclab_tasks/isaaclab_tasks/utils/hydra.py", line 41, in register_task_to_hydra
    env_cfg = load_cfg_from_registry(task_name, "env_cfg_entry_point")
              ^^^^^^^^^^^^^^^^^^^^^^^^^^^^^^^^^^^^^^^^^^^^^^^^^^^^^^^^
  File "/home/team2/IsaacLab/source/isaaclab_tasks/isaaclab_tasks/utils/parse_cfg.py", line 107, in load_cfg_from_registry
    mod = importlib.import_module(mod_name)
          ^^^^^^^^^^^^^^^^^^^^^^^^^^^^^^^^^
  File "/home/team2/miniconda3/envs/env_isaaclab/lib/python3.11/importlib/__init__.py", line 126, in import_module
    return _bootstrap._gcd_import(name[level:], package, level)
           ^^^^^^^^^^^^^^^^^^^^^^^^^^^^^^^^^^^^^^^^^^^^^^^^^^^^
  File "<frozen importlib._bootstrap>", line 1204, in _gcd_import
  File "<frozen importlib._bootstrap>", line 1176, in _find_and_load
  File "<frozen importlib._bootstrap>", line 1147, in _find_and_load_unlocked
  File "<frozen importlib._bootstrap>", line 690, in _load_unlocked
  File "<frozen importlib._bootstrap_external>", line 940, in exec_module
  File "<frozen importlib._bootstrap>", line 241, in _call_with_frames_removed
  File "/home/team2/team2_project/booster_train/source/booster_train/booster_train/tasks/k1_fullbody_walk_isaaclab/tasks/locomotion/k1_fullbody_walk/k1_fullbody_walk_env_cfg.py", line 36, in <module>
    from booster_train.tasks.k1_parameter_walk_isaaclab.tasks.locomotion.k1_parameter_walk.k1_param_walk_env_cfg import (
ImportError: cannot import name 'BOOSTER_K1_CFG' from 'booster_train.tasks.k1_parameter_walk_isaaclab.tasks.locomotion.k1_parameter_walk.k1_param_walk_env_cfg' (/home/team2/team2_project/booster_train/source/booster_train/booster_train/tasks/k1_parameter_walk_isaaclab/tasks/locomotion/k1_parameter_walk/k1_param_walk_env_cfg.py)
2026-04-30T21:06:23Z [5,749ms] [Warning] [omni.physx.plugin] USD stage detach not called, holding a loose ptr to a stage!
2026-04-30T21:06:23Z [5,890ms] [Warning] [carb] Recursive unloadAllPlugins() detected!
