[INFO][AppLauncher]: Using device: cuda:0
[INFO][AppLauncher]: Loading experience file: /home/team2/IsaacLab/apps/isaaclab.python.headless.kit
BOOSTER_K1_CFG.actuators={'legs': DelayedImplicitActuatorCfg(class_type=<class 'booster_train.assets.robots.actuator.DelayedImplicitActuator'>, joint_names_expr=['.*_Hip_Pitch', '.*_Hip_Roll', '.*_Hip_Yaw', '.*_Knee_Pitch'], effort_limit=None, velocity_limit=None, effort_limit_sim={'.*_Hip_Pitch': 30.0, '.*_Hip_Roll': 35.0, '.*_Hip_Yaw': 20.0, '.*_Knee_Pitch': 40.0}, velocity_limit_sim={'.*_Hip_Pitch': 8.0, '.*_Hip_Roll': 12.9, '.*_Hip_Yaw': 18.0, '.*_Knee_Pitch': 12.5}, stiffness={'.*_Hip_Pitch': 80.0, '.*_Hip_Roll': 80.0, '.*_Hip_Yaw': 80.0, '.*_Knee_Pitch': 80.0}, damping={'.*_Hip_Pitch': 2.0, '.*_Hip_Roll': 2.0, '.*_Hip_Yaw': 2.0, '.*_Knee_Pitch': 2.0}, armature={'.*_Hip_Pitch': 0.0478125, '.*_Hip_Roll': 0.0339552, '.*_Hip_Yaw': 0.0282528, '.*_Knee_Pitch': 0.095625}, friction=None, dynamic_friction=None, viscous_friction=None, min_delay=2, max_delay=8), 'feet': DelayedImplicitActuatorCfg(class_type=<class 'booster_train.assets.robots.actuator.DelayedImplicitActuator'>, joint_names_expr=['.*_Ankle_Pitch', '.*_Ankle_Roll'], effort_limit=None, velocity_limit=None, effort_limit_sim=20.0, velocity_limit_sim=18.0, stiffness=30, damping=2.0, armature=0.0565056, friction=None, dynamic_friction=None, viscous_friction=None, min_delay=2, max_delay=8), 'arms': DelayedImplicitActuatorCfg(class_type=<class 'booster_train.assets.robots.actuator.DelayedImplicitActuator'>, joint_names_expr=['.*_Shoulder_Pitch', '.*_Shoulder_Roll', '.*_Elbow_Pitch', '.*_Elbow_Yaw'], effort_limit=None, velocity_limit=None, effort_limit_sim={'.*_Shoulder_Pitch': 14.0, '.*_Shoulder_Roll': 14.0, '.*_Elbow_Pitch': 14.0, '.*_Elbow_Yaw': 14.0}, velocity_limit_sim={'.*_Shoulder_Pitch': 18.0, '.*_Shoulder_Roll': 18.0, '.*_Elbow_Pitch': 18.0, '.*_Elbow_Yaw': 18.0}, stiffness={'.*_Shoulder_Pitch': 4.0, '.*_Shoulder_Roll': 4.0, '.*_Elbow_Pitch': 4.0, '.*_Elbow_Yaw': 4.0}, damping={'.*_Shoulder_Pitch': 1.0, '.*_Shoulder_Roll': 1.0, '.*_Elbow_Pitch': 1.0, '.*_Elbow_Yaw': 1.0}, armature={'.*_Shoulder_Pitch': 0.001, '.*_Shoulder_Roll': 0.001, '.*_Elbow_Pitch': 0.001, '.*_Elbow_Yaw': 0.001}, friction=None, dynamic_friction=None, viscous_friction=None, min_delay=2, max_delay=8), 'head': DelayedImplicitActuatorCfg(class_type=<class 'booster_train.assets.robots.actuator.DelayedImplicitActuator'>, joint_names_expr=['.*Head.*'], effort_limit=None, velocity_limit=None, effort_limit_sim=6.0, velocity_limit_sim=20.0, stiffness=4.0, damping=1.0, armature=0.001, friction=None, dynamic_friction=None, viscous_friction=None, min_delay=2, max_delay=8)}
K1_ACTION_SCALE={'.*_Hip_Pitch': 0.09375, '.*_Hip_Roll': 0.109375, '.*_Hip_Yaw': 0.0625, '.*_Knee_Pitch': 0.125, '.*_Ankle_Pitch': 0.16666666666666666, '.*_Ankle_Roll': 0.16666666666666666, '.*_Shoulder_Pitch': 0.875, '.*_Shoulder_Roll': 0.875, '.*_Elbow_Pitch': 0.875, '.*_Elbow_Yaw': 0.875, '.*Head.*': 0.375}
[INFO]: Parsing configuration from: booster_train.tasks.k1_fullbody_walk_isaaclab.tasks.locomotion.k1_fullbody_walk.k1_fullbody_walk_env_cfg:K1FullBodyWalkEnvCfg
[INFO]: Parsing configuration from: booster_train.tasks.k1_fullbody_walk_isaaclab.tasks.locomotion.k1_fullbody_walk.k1_fullbody_walk_agent_cfg:K1FullBodyWalkPPORunnerCfg
[INFO] Logging experiment in directory: /home/team2/IsaacLab/logs/rsl_rl/k1_fullbody_walk_larger_stride_v1
Exact experiment name requested from command line: 2026-05-05_15-37-39

[36m======================================================================================[0m
[36m[1m[INFO][IsaacLab]: Logging to file: /tmp/isaaclab/logs/isaaclab_2026-05-05_15-37-39.log[0m
[36m======================================================================================[0m

[33m15:37:39 [simulation_context.py] WARNING: The `enable_external_forces_every_iteration` parameter in the PhysxCfg is set to False. If you are experiencing noisy velocities, consider enabling this flag. You may need to slightly increase the number of velocity iterations (setting it to 1 or 2 rather than 0), together with this flag, to improve the accuracy of velocity updates.[0m
Loading user config located at: '/home/team2/miniconda3/envs/env_isaaclab/lib/python3.11/site-packages/isaacsim/kit/data/Kit/Isaac-Sim/5.1/user.config.json'
[Info] [carb] Logging to file: /home/team2/miniconda3/envs/env_isaaclab/lib/python3.11/site-packages/isaacsim/kit/logs/Kit/Isaac-Sim/5.1/kit_20260505_153720.log
2026-05-05T20:37:20Z [55ms] [Warning] [omni.usd_config.extension] Enable omni.materialx.libs extension to use MaterialX
2026-05-05T20:37:20Z [238ms] [Warning] [omni.platforminfo.plugin] failed to open the default display.  Can't verify X Server version.
2026-05-05T20:37:20Z [362ms] [Warning] [carb] Acquiring non optional plugin interface which is not listed as dependency: [omni::physx::IPhysxBenchmarks v1.0] (plugin: <default plugin>), by client: omni.physics.physx.plugin. Add it to CARB_PLUGIN_IMPL_DEPS() macro of a client.
2026-05-05T20:37:20Z [367ms] [Warning] [omni.isaac.dynamic_control] omni.isaac.dynamic_control is deprecated as of Isaac Sim 4.5. No action is needed from end-users.
2026-05-05T20:37:37Z [17,640ms] [Warning] [gpu.foundation.plugin] Skipping unsupported non-NVIDIA GPU: Intel(R) Graphics (RPL-S)
2026-05-05T20:37:37Z [17,640ms] [Warning] [gpu.foundation.plugin] Skipping unsupported non-NVIDIA GPU: Intel(R) Graphics (RPL-S)

|---------------------------------------------------------------------------------------------|
| Driver Version: 580.126.09    | Graphics API: Vulkan
|=============================================================================================|
| GPU | Name                             | Active | LDA | GPU Memory | Vendor-ID | LUID       |
|     |                                  |        |     |            | Device-ID | UUID       |
|     |                                  |        |     |            | Bus-ID    |            |
|---------------------------------------------------------------------------------------------|
| 0   | NVIDIA GeForce RTX 4090          | Yes: 0 |     | 24564   MB | 10de      | 0          |
|     |                                  |        |     |            | 2684      | 85dee919.. |
|     |                                  |        |     |            | 1         |            |
|---------------------------------------------------------------------------------------------|
| 1   | Intel(R) Graphics (RPL-S)        |        |     | 48050   MB | 8086      | 0          |
|     |                                  |        |     |            | a780      | 868080a7.. |
|     |                                  |        |     |            | 0         |            |
|=============================================================================================|
| OS: 22.04.5 LTS (Jammy Jellyfish) ubuntu, Version: 22.04.5, Kernel: 6.8.0-90-generic
| Processor: 13th Gen Intel(R) Core(TM) i9-13900K
| Bare Metal Cores: 24 | Bare Metal Logical Cores: 48
| Available Cores:  32 
|---------------------------------------------------------------------------------------------|
| Total Memory (MB): 64067 | Free Memory: 23578
| Total Page/Swap (MB): 2047 | Free Page/Swap: 0
|---------------------------------------------------------------------------------------------|
2026-05-05T20:37:37Z [17,857ms] [Warning] [gpu.foundation.plugin] IOMMU is enabled.
2026-05-05T20:37:37Z [17,857ms] [Warning] [gpu.foundation.plugin] Detected IOMMU is enabled. Running CUDA peer-to-peer bandwidth and latency validation.
Unidirectional P2P=Enabled Bandwidth (P2P Writes) Matrix (GB/s)
   D\D     0 
     0 919.66 
P2P=Enabled Latency (P2P Writes) Matrix (us)
   GPU     0 
     0   1.39 

   CPU     0 
     0   1.27 
2026-05-05T20:37:37Z [17,903ms] [Warning] [omni.kvdb.plugin] Disabling key-value database because another kit process is locking it
2026-05-05T20:37:39Z [19,246ms] [Warning] [carb.windowing-glfw.plugin] GLFW initialization failed.
2026-05-05T20:37:39Z [19,246ms] [Warning] [carb] Failed to startup plugin carb.windowing-glfw.plugin (interfaces: [carb::windowing::IGLContext v1.0],[carb::windowing::IWindowing v1.5]) (impl: carb.windowing-glfw.plugin)
2026-05-05T20:37:39Z [19,279ms] [Warning] [gpu.foundation.plugin] Skipping unsupported non-NVIDIA GPU: Intel(R) Graphics (RPL-S)
2026-05-05T20:37:39Z [19,279ms] [Warning] [gpu.foundation.plugin] Skipping unsupported non-NVIDIA GPU: Intel(R) Graphics (RPL-S)

|---------------------------------------------------------------------------------------------|
| Driver Version: 580.126.09    | Graphics API: Vulkan
|=============================================================================================|
| GPU | Name                             | Active | LDA | GPU Memory | Vendor-ID | LUID       |
|     |                                  |        |     |            | Device-ID | UUID       |
|     |                                  |        |     |            | Bus-ID    |            |
|---------------------------------------------------------------------------------------------|
| 0   | NVIDIA GeForce RTX 4090          | Yes: 0 |     | 24564   MB | 10de      | 0          |
|     |                                  |        |     |            | 2684      | 85dee919.. |
|     |                                  |        |     |            | 1         |            |
|---------------------------------------------------------------------------------------------|
| 1   | Intel(R) Graphics (RPL-S)        |        |     | 48050   MB | 8086      | 0          |
|     |                                  |        |     |            | a780      | 868080a7.. |
|     |                                  |        |     |            | 0         |            |
|=============================================================================================|
| OS: 22.04.5 LTS (Jammy Jellyfish) ubuntu, Version: 22.04.5, Kernel: 6.8.0-90-generic
| Processor: 13th Gen Intel(R) Core(TM) i9-13900K
| Bare Metal Cores: 24 | Bare Metal Logical Cores: 48
| Available Cores:  32 
|---------------------------------------------------------------------------------------------|
| Total Memory (MB): 64067 | Free Memory: 23252
| Total Page/Swap (MB): 2047 | Free Page/Swap: 0
|---------------------------------------------------------------------------------------------|
Unidirectional P2P=Enabled Bandwidth (P2P Writes) Matrix (GB/s)
   D\D     0 
     0 839.15 
P2P=Enabled Latency (P2P Writes) Matrix (us)
   GPU     0 
     0   1.51 

   CPU     0 
     0   1.20 
2026-05-05T20:37:39Z [19,562ms] [Warning] [gpu.foundation.plugin] IOMMU is enabled.
2026-05-05T20:37:39Z [19,562ms] [Warning] [gpu.foundation.plugin] Detected IOMMU is enabled. Running CUDA peer-to-peer bandwidth and latency validation.
Unidirectional P2P=Enabled Bandwidth (P2P Writes) Matrix (GB/s)
   D\D     0 
     0 839.94 
P2P=Enabled Latency (P2P Writes) Matrix (us)
   GPU     0 
     0   1.39 

   CPU     0 
     0   1.21 
2026-05-05T20:37:39Z [19,735ms] [Warning] [carb.windowing-glfw.plugin] GLFW initialization failed.
2026-05-05T20:37:39Z [19,735ms] [Warning] [carb] Failed to startup plugin carb.windowing-glfw.plugin (interfaces: [carb::windowing::IGLContext v1.0],[carb::windowing::IWindowing v1.5]) (impl: carb.windowing-glfw.plugin)
2026-05-05T20:37:39Z [19,749ms] [Warning] [carb.windowing-glfw.plugin] GLFW initialization failed.
2026-05-05T20:37:39Z [19,749ms] [Warning] [carb] Failed to startup plugin carb.windowing-glfw.plugin (interfaces: [carb::windowing::IGLContext v1.0],[carb::windowing::IWindowing v1.5]) (impl: carb.windowing-glfw.plugin)
2026-05-05T20:37:39Z [19,755ms] [Warning] [carb.windowing-glfw.plugin] GLFW initialization failed.
2026-05-05T20:37:39Z [19,755ms] [Warning] [carb] Failed to startup plugin carb.windowing-glfw.plugin (interfaces: [carb::windowing::IGLContext v1.0],[carb::windowing::IWindowing v1.5]) (impl: carb.windowing-glfw.plugin)
2026-05-05T20:37:39Z [19,761ms] [Warning] [carb.windowing-glfw.plugin] GLFW initialization failed.
2026-05-05T20:37:39Z [19,761ms] [Warning] [carb] Failed to startup plugin carb.windowing-glfw.plugin (interfaces: [carb::windowing::IGLContext v1.0],[carb::windowing::IWindowing v1.5]) (impl: carb.windowing-glfw.plugin)
2026-05-05T20:37:39Z [19,762ms] [Warning] [carb.windowing-glfw.plugin] GLFW initialization failed.
2026-05-05T20:37:39Z [19,762ms] [Warning] [carb] Failed to startup plugin carb.windowing-glfw.plugin (interfaces: [carb::windowing::IGLContext v1.0],[carb::windowing::IWindowing v1.5]) (impl: carb.windowing-glfw.plugin)
[INFO]: Base environment:
	Environment device    : cuda:0
	Environment seed      : 42
	Physics step-size     : 0.002
	Rendering step-size   : 0.02
	Environment step-size : 0.02
[INFO]: Time taken for scene creation : 4.847285 seconds
[INFO]: Scene manager:  <class InteractiveScene>
	Number of environments: 4096
	Environment spacing   : 2.0
	Source prim name      : /World/envs/env_0
	Global prim paths     : []
	Replicate physics     : True
[INFO]: Starting the simulation. This may take a few seconds. Please wait...
[INFO]: Time taken for simulation start : 3.324346 seconds
[INFO] Command Manager:  <CommandManager> contains 0 active terms.
+------------------------+
|  Active Command Terms  |
+--------+-------+-------+
| Index  | Name  |  Type |
+--------+-------+-------+
+--------+-------+-------+

[INFO] Event Manager:  <EventManager> contains 1 active terms.
+-----------------------------------+
| Active Event Terms in Mode: 'reset' |
+-----------+-----------------------+
|   Index   | Name                  |
+-----------+-----------------------+
|     0     | reset_base            |
|     1     | reset_joints          |
+-----------+-----------------------+

[INFO] Recorder Manager:  <RecorderManager> contains 0 active terms.
+---------------------+
| Active Recorder Terms |
+-----------+---------+
|   Index   | Name    |
+-----------+---------+
+-----------+---------+

Error executing job with overrides: ['agent.experiment_name=k1_fullbody_walk_larger_stride_v1', 'agent.run_name=larger_stride_v1']
Traceback (most recent call last):
  File "/home/team2/IsaacLab/source/isaaclab_tasks/isaaclab_tasks/utils/hydra.py", line 100, in hydra_main
    func(env_cfg, agent_cfg, *args, **kwargs)
  File "/home/team2/IsaacLab/scripts/reinforcement_learning/rsl_rl/train.py", line 178, in main
    env = gym.make(args_cli.task, cfg=env_cfg, render_mode="rgb_array" if args_cli.video else None)
          ^^^^^^^^^^^^^^^^^^^^^^^^^^^^^^^^^^^^^^^^^^^^^^^^^^^^^^^^^^^^^^^^^^^^^^^^^^^^^^^^^^^^^^^^^
  File "/home/team2/miniconda3/envs/env_isaaclab/lib/python3.11/site-packages/gymnasium/envs/registration.py", line 734, in make
    env = env_creator(**env_spec_kwargs)
          ^^^^^^^^^^^^^^^^^^^^^^^^^^^^^^
  File "/home/team2/IsaacLab/source/isaaclab/isaaclab/envs/manager_based_rl_env.py", line 80, in __init__
    super().__init__(cfg=cfg)
  File "/home/team2/IsaacLab/source/isaaclab/isaaclab/envs/manager_based_env.py", line 180, in __init__
    self.load_managers()
  File "/home/team2/IsaacLab/source/isaaclab/isaaclab/envs/manager_based_rl_env.py", line 117, in load_managers
    super().load_managers()
  File "/home/team2/IsaacLab/source/isaaclab/isaaclab/envs/manager_based_env.py", line 317, in load_managers
    self.action_manager = ActionManager(self.cfg.actions, self)
                          ^^^^^^^^^^^^^^^^^^^^^^^^^^^^^^^^^^^^^
  File "/home/team2/IsaacLab/source/isaaclab/isaaclab/managers/action_manager.py", line 213, in __init__
    super().__init__(cfg, env)
  File "/home/team2/IsaacLab/source/isaaclab/isaaclab/managers/manager_base.py", line 177, in __init__
    self._prepare_terms()
  File "/home/team2/IsaacLab/source/isaaclab/isaaclab/managers/action_manager.py", line 449, in _prepare_terms
    term = term_cfg.class_type(term_cfg, self._env)
           ^^^^^^^^^^^^^^^^^^^^^^^^^^^^^^^^^^^^^^^^
  File "/home/team2/IsaacLab/source/isaaclab/isaaclab/envs/mdp/actions/joint_actions.py", line 192, in __init__
    super().__init__(cfg, env)
  File "/home/team2/IsaacLab/source/isaaclab/isaaclab/envs/mdp/actions/joint_actions.py", line 65, in __init__
    self._joint_ids, self._joint_names = self._asset.find_joints(
                                         ^^^^^^^^^^^^^^^^^^^^^^^^
  File "/home/team2/IsaacLab/source/isaaclab/isaaclab/assets/articulation/articulation.py", line 308, in find_joints
    return string_utils.resolve_matching_names(name_keys, joint_subset, preserve_order)
           ^^^^^^^^^^^^^^^^^^^^^^^^^^^^^^^^^^^^^^^^^^^^^^^^^^^^^^^^^^^^^^^^^^^^^^^^^^^^
  File "/home/team2/IsaacLab/source/isaaclab/isaaclab/utils/string.py", line 267, in resolve_matching_names
    raise ValueError(
ValueError: Not all regular expressions are matched! Please check that the regular expressions are correct: 
	Left_Hip_Pitch: ['Left_Hip_Pitch']
	Left_Hip_Roll: ['Left_Hip_Roll']
	Left_Hip_Yaw: ['Left_Hip_Yaw']
	Left_Knee_Pitch: ['Left_Knee_Pitch']
	Left_Ankle_Pitch: ['Left_Ankle_Pitch']
	Left_Ankle_Roll: ['Left_Ankle_Roll']
	Right_Hip_Pitch: ['Right_Hip_Pitch']
	Right_Hip_Roll: ['Right_Hip_Roll']
	Right_Hip_Yaw: ['Right_Hip_Yaw']
	Right_Knee_Pitch: ['Right_Knee_Pitch']
	Right_Ankle_Pitch: ['Right_Ankle_Pitch']
	Right_Ankle_Roll: ['Right_Ankle_Roll']
	Left_Shoulder_Pitch: []
	Left_Shoulder_Roll: ['Left_Shoulder_Roll']
	Left_Elbow_Pitch: ['Left_Elbow_Pitch']
	Left_Elbow_Yaw: ['Left_Elbow_Yaw']
	Right_Shoulder_Pitch: []
	Right_Shoulder_Roll: ['Right_Shoulder_Roll']
	Right_Elbow_Pitch: ['Right_Elbow_Pitch']
	Right_Elbow_Yaw: ['Right_Elbow_Yaw']
Available strings: ['AAHead_yaw', 'ALeft_Shoulder_Pitch', 'ARight_Shoulder_Pitch', 'Left_Hip_Pitch', 'Right_Hip_Pitch', 'Head_pitch', 'Left_Shoulder_Roll', 'Right_Shoulder_Roll', 'Left_Hip_Roll', 'Right_Hip_Roll', 'Left_Elbow_Pitch', 'Right_Elbow_Pitch', 'Left_Hip_Yaw', 'Right_Hip_Yaw', 'Left_Elbow_Yaw', 'Right_Elbow_Yaw', 'Left_Knee_Pitch', 'Right_Knee_Pitch', 'Left_Ankle_Pitch', 'Right_Ankle_Pitch', 'Left_Ankle_Roll', 'Right_Ankle_Roll']


Set the environment variable HYDRA_FULL_ERROR=1 for a complete stack trace.
2026-05-05T20:37:39Z [19,763ms] [Warning] [carb.windowing-glfw.plugin] GLFW initialization failed.
2026-05-05T20:37:39Z [19,763ms] [Warning] [carb] Failed to startup plugin carb.windowing-glfw.plugin (interfaces: [carb::windowing::IGLContext v1.0],[carb::windowing::IWindowing v1.5]) (impl: carb.windowing-glfw.plugin)
2026-05-05T20:37:40Z [19,991ms] [Warning] [omni.graph.visualization.nodes._impl.extension] No Viewport Window to add omni.graph.visualization.nodes-2.1.3 scene to
2026-05-05T20:37:47Z [27,489ms] [Warning] [omni.physx.plugin] USD stage detach not called, holding a loose ptr to a stage!
2026-05-05T20:37:47Z [27,965ms] [Warning] [carb] Recursive unloadAllPlugins() detected!
