nohup: ignoring input
[3gH    H    H    H    H    H    H    H    H    H    H    H    H    H    H    H    H    H    H    H   [INFO] Using python from: /home/team2/miniconda3/envs/env_isaaclab/bin/python
[INFO][AppLauncher]: Using device: cuda:0
[INFO][AppLauncher]: Loading experience file: /home/team2/IsaacLab/apps/isaaclab.python.headless.kit
Loading user config located at: '/home/team2/miniconda3/envs/env_isaaclab/lib/python3.11/site-packages/isaacsim/kit/data/Kit/Isaac-Sim/5.1/user.config.json'
[Info] [carb] Logging to file: /home/team2/miniconda3/envs/env_isaaclab/lib/python3.11/site-packages/isaacsim/kit/logs/Kit/Isaac-Sim/5.1/kit_20260430_160433.log
2026-04-30T21:04:33Z [91ms] [Warning] [omni.usd_config.extension] Enable omni.materialx.libs extension to use MaterialX
2026-04-30T21:04:33Z [365ms] [Warning] [omni.platforminfo.plugin] failed to open the default display.  Can't verify X Server version.
2026-04-30T21:04:33Z [553ms] [Warning] [carb] Acquiring non optional plugin interface which is not listed as dependency: [omni::physx::IPhysxBenchmarks v1.0] (plugin: <default plugin>), by client: omni.physics.physx.plugin. Add it to CARB_PLUGIN_IMPL_DEPS() macro of a client.
2026-04-30T21:04:33Z [564ms] [Warning] [omni.isaac.dynamic_control] omni.isaac.dynamic_control is deprecated as of Isaac Sim 4.5. No action is needed from end-users.

|---------------------------------------------------------------------------------------------|
| Driver Version: 580.126.09    | Graphics API: Vulkan
|=============================================================================================|
| GPU | Name                             | Active | LDA | GPU Memory | Vendor-ID | LUID       |
|     |                                  |        |     |            | Device-ID | UUID       |
|     |                                  |        |     |            | Bus-ID    |            |
|---------------------------------------------------------------------------------------------|
| 0   | NVIDIA GeForce RTX 4090          | Yes: 0 |     | 24564   MB | 10de      | 0          |
|     |                                  |        |     |            | 2684      | 85dee919.. |
|     |                                  |        |     |            | 1         |            |
|=============================================================================================|
| OS: 22.04.5 LTS (Jammy Jellyfish) ubuntu, Version: 22.04.5, Kernel: 6.8.0-90-generic
| Processor: 13th Gen Intel(R) Core(TM) i9-13900K
| Bare Metal Cores: 24 | Bare Metal Logical Cores: 48
| Available Cores:  32 
|---------------------------------------------------------------------------------------------|
| Total Memory (MB): 64067 | Free Memory: 31937
| Total Page/Swap (MB): 2047 | Free Page/Swap: 0
|---------------------------------------------------------------------------------------------|
2026-04-30T21:04:36Z [3,453ms] [Warning] [gpu.foundation.plugin] IOMMU is enabled.
2026-04-30T21:04:36Z [3,483ms] [Warning] [omni.kvdb.plugin] Disabling key-value database because another kit process is locking it
Traceback (most recent call last):
  File "/home/team2/IsaacLab/scripts/reinforcement_learning/rsl_rl/train.py", line 235, in <module>
    main()
  File "/home/team2/IsaacLab/source/isaaclab_tasks/isaaclab_tasks/utils/hydra.py", line 80, in wrapper
    env_cfg, agent_cfg = register_task_to_hydra(task_name.split(":")[-1], agent_cfg_entry_point)
                         ^^^^^^^^^^^^^^^^^^^^^^^^^^^^^^^^^^^^^^^^^^^^^^^^^^^^^^^^^^^^^^^^^^^^^^^
  File "/home/team2/IsaacLab/source/isaaclab_tasks/isaaclab_tasks/utils/hydra.py", line 41, in register_task_to_hydra
    env_cfg = load_cfg_from_registry(task_name, "env_cfg_entry_point")
              ^^^^^^^^^^^^^^^^^^^^^^^^^^^^^^^^^^^^^^^^^^^^^^^^^^^^^^^^
  File "/home/team2/IsaacLab/source/isaaclab_tasks/isaaclab_tasks/utils/parse_cfg.py", line 58, in load_cfg_from_registry
    cfg_entry_point = gym.spec(task_name.split(":")[-1]).kwargs.get(entry_point_key)
                      ^^^^^^^^^^^^^^^^^^^^^^^^^^^^^^^^^^
  File "/home/team2/miniconda3/envs/env_isaaclab/lib/python3.11/site-packages/gymnasium/envs/registration.py", line 1000, in spec
    _check_version_exists(ns, name, version)
  File "/home/team2/miniconda3/envs/env_isaaclab/lib/python3.11/site-packages/gymnasium/envs/registration.py", line 392, in _check_version_exists
    _check_name_exists(ns, name)
  File "/home/team2/miniconda3/envs/env_isaaclab/lib/python3.11/site-packages/gymnasium/envs/registration.py", line 369, in _check_name_exists
    raise error.NameNotFound(
gymnasium.error.NameNotFound: Environment `Booster-K1-FullBody-Walk` doesn't exist.
2026-04-30T21:04:38Z [5,145ms] [Warning] [omni.physx.plugin] USD stage detach not called, holding a loose ptr to a stage!
2026-04-30T21:04:38Z [5,291ms] [Warning] [carb] Recursive unloadAllPlugins() detected!
