nohup: ignoring input
[3gH    H    H    H    H    H    H    H    H    H    H    H    H    H    H    H    H    H    H    H   [INFO] Using python from: /home/team2/miniconda3/envs/env_isaaclab/bin/python
[INFO][AppLauncher]: Using device: cuda:0
[INFO][AppLauncher]: Loading experience file: /home/team2/IsaacLab/apps/isaaclab.python.headless.kit
BOOSTER_K1_CFG.actuators={'legs': DelayedImplicitActuatorCfg(class_type=<class 'booster_train.assets.robots.actuator.DelayedImplicitActuator'>, joint_names_expr=['.*_Hip_Pitch', '.*_Hip_Roll', '.*_Hip_Yaw', '.*_Knee_Pitch'], effort_limit=None, velocity_limit=None, effort_limit_sim={'.*_Hip_Pitch': 30.0, '.*_Hip_Roll': 35.0, '.*_Hip_Yaw': 20.0, '.*_Knee_Pitch': 40.0}, velocity_limit_sim={'.*_Hip_Pitch': 8.0, '.*_Hip_Roll': 12.9, '.*_Hip_Yaw': 18.0, '.*_Knee_Pitch': 12.5}, stiffness={'.*_Hip_Pitch': 80.0, '.*_Hip_Roll': 80.0, '.*_Hip_Yaw': 80.0, '.*_Knee_Pitch': 80.0}, damping={'.*_Hip_Pitch': 2.0, '.*_Hip_Roll': 2.0, '.*_Hip_Yaw': 2.0, '.*_Knee_Pitch': 2.0}, armature={'.*_Hip_Pitch': 0.0478125, '.*_Hip_Roll': 0.0339552, '.*_Hip_Yaw': 0.0282528, '.*_Knee_Pitch': 0.095625}, friction=None, dynamic_friction=None, viscous_friction=None, min_delay=2, max_delay=8), 'feet': DelayedImplicitActuatorCfg(class_type=<class 'booster_train.assets.robots.actuator.DelayedImplicitActuator'>, joint_names_expr=['.*_Ankle_Pitch', '.*_Ankle_Roll'], effort_limit=None, velocity_limit=None, effort_limit_sim=20.0, velocity_limit_sim=18.0, stiffness=30, damping=2.0, armature=0.0565056, friction=None, dynamic_friction=None, viscous_friction=None, min_delay=2, max_delay=8), 'arms': DelayedImplicitActuatorCfg(class_type=<class 'booster_train.assets.robots.actuator.DelayedImplicitActuator'>, joint_names_expr=['.*_Shoulder_Pitch', '.*_Shoulder_Roll', '.*_Elbow_Pitch', '.*_Elbow_Yaw'], effort_limit=None, velocity_limit=None, effort_limit_sim={'.*_Shoulder_Pitch': 14.0, '.*_Shoulder_Roll': 14.0, '.*_Elbow_Pitch': 14.0, '.*_Elbow_Yaw': 14.0}, velocity_limit_sim={'.*_Shoulder_Pitch': 18.0, '.*_Shoulder_Roll': 18.0, '.*_Elbow_Pitch': 18.0, '.*_Elbow_Yaw': 18.0}, stiffness={'.*_Shoulder_Pitch': 4.0, '.*_Shoulder_Roll': 4.0, '.*_Elbow_Pitch': 4.0, '.*_Elbow_Yaw': 4.0}, damping={'.*_Shoulder_Pitch': 1.0, '.*_Shoulder_Roll': 1.0, '.*_Elbow_Pitch': 1.0, '.*_Elbow_Yaw': 1.0}, armature={'.*_Shoulder_Pitch': 0.001, '.*_Shoulder_Roll': 0.001, '.*_Elbow_Pitch': 0.001, '.*_Elbow_Yaw': 0.001}, friction=None, dynamic_friction=None, viscous_friction=None, min_delay=2, max_delay=8), 'head': DelayedImplicitActuatorCfg(class_type=<class 'booster_train.assets.robots.actuator.DelayedImplicitActuator'>, joint_names_expr=['.*Head.*'], effort_limit=None, velocity_limit=None, effort_limit_sim=6.0, velocity_limit_sim=20.0, stiffness=4.0, damping=1.0, armature=0.001, friction=None, dynamic_friction=None, viscous_friction=None, min_delay=2, max_delay=8)}
K1_ACTION_SCALE={'.*_Hip_Pitch': 0.09375, '.*_Hip_Roll': 0.109375, '.*_Hip_Yaw': 0.0625, '.*_Knee_Pitch': 0.125, '.*_Ankle_Pitch': 0.16666666666666666, '.*_Ankle_Roll': 0.16666666666666666, '.*_Shoulder_Pitch': 0.875, '.*_Shoulder_Roll': 0.875, '.*_Elbow_Pitch': 0.875, '.*_Elbow_Yaw': 0.875, '.*Head.*': 0.375}
[INFO]: Parsing configuration from: booster_train.tasks.k1_parameter_walk_isaaclab.tasks.locomotion.k1_parameter_walk.k1_param_walk_env_cfg:K1ParamWalkEnvCfg
[INFO]: Parsing configuration from: booster_train.tasks.k1_parameter_walk_isaaclab.tasks.locomotion.k1_parameter_walk.k1_param_walk_agent_cfg:K1ParamWalkPPORunnerCfg
[INFO] Logging experiment in directory: /home/team2/IsaacLab/logs/rsl_rl/k1_straightline_v3
Exact experiment name requested from command line: 2026-04-30_15-18-40

[36m======================================================================================[0m
[36m[1m[INFO][IsaacLab]: Logging to file: /tmp/isaaclab/logs/isaaclab_2026-04-30_15-18-40.log[0m
[36m======================================================================================[0m

[33m15:18:40 [simulation_context.py] WARNING: The `enable_external_forces_every_iteration` parameter in the PhysxCfg is set to False. If you are experiencing noisy velocities, consider enabling this flag. You may need to slightly increase the number of velocity iterations (setting it to 1 or 2 rather than 0), together with this flag, to improve the accuracy of velocity updates.[0m
[INFO]: Base environment:
	Environment device    : cuda:0
	Environment seed      : 42
	Physics step-size     : 0.002
	Rendering step-size   : 0.02
	Environment step-size : 0.02
[33m15:18:40 [prims.py] WARNING: Could not perform 'modify_collision_properties' on any prims under: '/World/envs/env_0/Robot'. This might be because of the following reasons:
	(1) The desired attribute does not exist on any of the prims.
	(2) The desired attribute exists on an instanced prim.
		Discovered list of instanced prim paths: ['/World/envs/env_0/Robot/Trunk/visuals', '/World/envs/env_0/Robot/Trunk/collisions', '/World/envs/env_0/Robot/Left_Hip_Pitch/visuals', '/World/envs/env_0/Robot/Left_Hip_Roll/visuals', '/World/envs/env_0/Robot/Left_Hip_Roll/collisions', '/World/envs/env_0/Robot/Left_Hip_Yaw/visuals', '/World/envs/env_0/Robot/Left_Hip_Yaw/collisions', '/World/envs/env_0/Robot/Left_Shank/visuals', '/World/envs/env_0/Robot/Left_Shank/collisions', '/World/envs/env_0/Robot/Left_Ankle_Cross/visuals', '/World/envs/env_0/Robot/left_foot_link/visuals', '/World/envs/env_0/Robot/left_foot_link/collisions', '/World/envs/env_0/Robot/Right_Hip_Pitch/visuals', '/World/envs/env_0/Robot/Right_Hip_Roll/visuals', '/World/envs/env_0/Robot/Right_Hip_Roll/collisions', '/World/envs/env_0/Robot/Right_Hip_Yaw/visuals', '/World/envs/env_0/Robot/Right_Hip_Yaw/collisions', '/World/envs/env_0/Robot/Right_Shank/visuals', '/World/envs/env_0/Robot/Right_Shank/collisions', '/World/envs/env_0/Robot/Right_Ankle_Cross/visuals', '/World/envs/env_0/Robot/right_foot_link/visuals', '/World/envs/env_0/Robot/right_foot_link/collisions'][0m
/home/team2/miniconda3/envs/env_isaaclab/lib/python3.11/site-packages/rsl_rl/utils/utils.py:245: UserWarning: The observation configuration dictionary 'obs_groups' must contain the 'policy' key. As an observation group with the name 'policy' was found, this is assumed to be the observation set. Consider adding the 'policy' key to the 'obs_groups' dictionary for clarity. This behavior will be removed in a future version.
  warnings.warn(
/home/team2/miniconda3/envs/env_isaaclab/lib/python3.11/site-packages/rsl_rl/utils/utils.py:291: UserWarning: The observation configuration dictionary 'obs_groups' must contain the 'critic' key. As the configuration for 'critic' is missing, the observations from the 'policy' set are used. Consider adding the 'critic' key to the 'obs_groups' dictionary for clarity. This behavior will be removed in a future version.
  warnings.warn(
[K1 foot collision patch] resolved robot_paths = ['/World/envs/env_0/Robot']
[K1 foot collision patch] added: /World/envs/env_0/Robot/left_foot_link/bootstrap_foot_collision_box
[K1 foot collision patch] added: /World/envs/env_0/Robot/right_foot_link/bootstrap_foot_collision_box
[INFO]: Time taken for scene creation : 0.475582 seconds
[INFO]: Scene manager:  <class InteractiveScene>
	Number of environments: 64
	Environment spacing   : 1.0
	Source prim name      : /World/envs/env_0
	Global prim paths     : []
	Replicate physics     : True
[INFO]: Starting the simulation. This may take a few seconds. Please wait...
[INFO]: Time taken for simulation start : 0.507534 seconds
[INFO] Command Manager:  <CommandManager> contains 0 active terms.
+------------------------+
|  Active Command Terms  |
+--------+-------+-------+
| Index  | Name  |  Type |
+--------+-------+-------+
+--------+-------+-------+

[INFO] Event Manager:  <EventManager> contains 1 active terms.
+-----------------------------------+
| Active Event Terms in Mode: 'reset' |
+-----------+-----------------------+
|   Index   | Name                  |
+-----------+-----------------------+
|     0     | reset_base            |
|     1     | reset_joints          |
+-----------+-----------------------+

[INFO] Recorder Manager:  <RecorderManager> contains 0 active terms.
+---------------------+
| Active Recorder Terms |
+-----------+---------+
|   Index   | Name    |
+-----------+---------+
+-----------+---------+

[INFO] Action Manager:  <ActionManager> contains 1 active terms.
+------------------------------------+
|  Active Action Terms (shape: 12)   |
+--------+-------------+-------------+
| Index  | Name        |   Dimension |
+--------+-------------+-------------+
|   0    | joint_pos   |          12 |
+--------+-------------+-------------+

[INFO] Observation Manager: <ObservationManager> contains 1 groups.
+---------------------------------------------------------+
| Active Observation Terms in Group: 'policy' (shape: (54,)) |
+-----------+---------------------------------+-----------+
|   Index   | Name                            |   Shape   |
+-----------+---------------------------------+-----------+
|     0     | projected_gravity               |    (3,)   |
|     1     | base_ang_vel                    |    (3,)   |
|     2     | command                         |   (10,)   |
|     3     | gait_cos                        |    (1,)   |
|     4     | gait_sin                        |    (1,)   |
|     5     | dof_pos                         |   (12,)   |
|     6     | dof_vel                         |   (12,)   |
|     7     | actions                         |   (12,)   |
+-----------+---------------------------------+-----------+

[INFO] Termination Manager:  <TerminationManager> contains 3 active terms.
+-------------------------------------+
|       Active Termination Terms      |
+-------+------------------+----------+
| Index | Name             | Time Out |
+-------+------------------+----------+
|   0   | time_out         |   True   |
|   1   | terminate_vel    |  False   |
|   2   | terminate_height |  False   |
+-------+------------------+----------+

[INFO] Reward Manager:  <RewardManager> contains 22 active terms.
+--------------------------------------+
|         Active Reward Terms          |
+-------+--------------------+---------+
| Index | Name               |  Weight |
+-------+--------------------+---------+
|   0   | survival           |    0.02 |
|   1   | tracking_lin_vel_x |     6.0 |
|   2   | tracking_lin_vel_y |     0.1 |
|   3   | tracking_ang_vel   |     0.1 |
|   4   | direct_forward     |    10.0 |
|   5   | no_backward        |    -5.0 |
|   6   | base_height        |    -2.0 |
|   7   | orientation        |    -3.0 |
|   8   | lin_vel_z          |    -0.5 |
|   9   | ang_vel_xy         |   -0.05 |
|   10  | torques            | -0.0001 |
|   11  | torque_tiredness   |  -0.002 |
|   12  | power              | -0.0005 |
|   13  | dof_vel            |  -1e-05 |
|   14  | action_rate        |   -0.02 |
|   15  | dof_pos_limits     |    -0.2 |
|   16  | foot_yaw_L         |     0.0 |
|   17  | foot_yaw_R         |     0.0 |
|   18  | yaw_rate           |    -2.0 |
|   19  | lateral_vel        |    -2.0 |
|   20  | dof_acc            |     0.0 |
|   21  | root_acc           |     0.0 |
+-------+--------------------+---------+

[INFO] Curriculum Manager:  <CurriculumManager> contains 0 active terms.
+----------------------+
| Active Curriculum Terms |
+-----------+----------+
|   Index   | Name     |
+-----------+----------+
+-----------+----------+

[INFO]: Completed setting up the environment...
--------------------------------------------------------------------------------
Resolved observation sets: 
	 policy :  ['policy']
	 critic :  ['policy']
--------------------------------------------------------------------------------
Actor MLP: MLP(
  (0): Linear(in_features=54, out_features=256, bias=True)
  (1): ELU(alpha=1.0)
  (2): Linear(in_features=256, out_features=128, bias=True)
  (3): ELU(alpha=1.0)
  (4): Linear(in_features=128, out_features=128, bias=True)
  (5): ELU(alpha=1.0)
  (6): Linear(in_features=128, out_features=12, bias=True)
)
Critic MLP: MLP(
  (0): Linear(in_features=54, out_features=256, bias=True)
  (1): ELU(alpha=1.0)
  (2): Linear(in_features=256, out_features=256, bias=True)
  (3): ELU(alpha=1.0)
  (4): Linear(in_features=256, out_features=128, bias=True)
  (5): ELU(alpha=1.0)
  (6): Linear(in_features=128, out_features=1, bias=True)
)
Error executing job with overrides: []
Traceback (most recent call last):
  File "/home/team2/IsaacLab/source/isaaclab_tasks/isaaclab_tasks/utils/hydra.py", line 100, in hydra_main
    func(env_cfg, agent_cfg, *args, **kwargs)
  File "/home/team2/IsaacLab/scripts/reinforcement_learning/rsl_rl/train.py", line 225, in main
    runner.learn(num_learning_iterations=agent_cfg.max_iterations, init_at_random_ep_len=True)
  File "/home/team2/miniconda3/envs/env_isaaclab/lib/python3.11/site-packages/rsl_rl/runners/on_policy_runner.py", line 106, in learn
    obs, rewards, dones, extras = self.env.step(actions.to(self.env.device))
                                  ^^^^^^^^^^^^^^^^^^^^^^^^^^^^^^^^^^^^^^^^^^
  File "/home/team2/IsaacLab/source/isaaclab_rl/isaaclab_rl/rsl_rl/vecenv_wrapper.py", line 156, in step
    obs_dict, rew, terminated, truncated, extras = self.env.step(actions)
                                                   ^^^^^^^^^^^^^^^^^^^^^^
  File "/home/team2/miniconda3/envs/env_isaaclab/lib/python3.11/site-packages/gymnasium/wrappers/common.py", line 393, in step
    return super().step(action)
           ^^^^^^^^^^^^^^^^^^^^
  File "/home/team2/miniconda3/envs/env_isaaclab/lib/python3.11/site-packages/gymnasium/core.py", line 327, in step
    return self.env.step(action)
           ^^^^^^^^^^^^^^^^^^^^^
  File "/home/team2/IsaacLab/source/isaaclab/isaaclab/envs/manager_based_rl_env.py", line 208, in step
    self.reward_buf = self.reward_manager.compute(dt=self.step_dt)
                      ^^^^^^^^^^^^^^^^^^^^^^^^^^^^^^^^^^^^^^^^^^^^
  File "/home/team2/IsaacLab/source/isaaclab/isaaclab/managers/reward_manager.py", line 150, in compute
    value = term_cfg.func(self._env, **term_cfg.params) * term_cfg.weight * dt
            ^^^^^^^^^^^^^^^^^^^^^^^^^^^^^^^^^^^^^^^^^^^
  File "/home/team2/team2_project/booster_train/source/booster_train/booster_train/tasks/k1_parameter_walk_isaaclab/tasks/locomotion/k1_parameter_walk/k1_param_walk_env_cfg.py", line 169, in yaw_rate_penalty
    return torch.square(yaw_rate)
           ^^^^^
NameError: name 'torch' is not defined

Set the environment variable HYDRA_FULL_ERROR=1 for a complete stack trace.
Loading user config located at: '/home/team2/miniconda3/envs/env_isaaclab/lib/python3.11/site-packages/isaacsim/kit/data/Kit/Isaac-Sim/5.1/user.config.json'
[Info] [carb] Logging to file: /home/team2/miniconda3/envs/env_isaaclab/lib/python3.11/site-packages/isaacsim/kit/logs/Kit/Isaac-Sim/5.1/kit_20260430_151835.log
2026-04-30T20:18:35Z [121ms] [Warning] [omni.usd_config.extension] Enable omni.materialx.libs extension to use MaterialX
2026-04-30T20:18:35Z [393ms] [Warning] [omni.platforminfo.plugin] failed to open the default display.  Can't verify X Server version.
2026-04-30T20:18:35Z [573ms] [Warning] [carb] Acquiring non optional plugin interface which is not listed as dependency: [omni::physx::IPhysxBenchmarks v1.0] (plugin: <default plugin>), by client: omni.physics.physx.plugin. Add it to CARB_PLUGIN_IMPL_DEPS() macro of a client.
2026-04-30T20:18:35Z [580ms] [Warning] [omni.isaac.dynamic_control] omni.isaac.dynamic_control is deprecated as of Isaac Sim 4.5. No action is needed from end-users.

|---------------------------------------------------------------------------------------------|
| Driver Version: 580.126.09    | Graphics API: Vulkan
|=============================================================================================|
| GPU | Name                             | Active | LDA | GPU Memory | Vendor-ID | LUID       |
|     |                                  |        |     |            | Device-ID | UUID       |
|     |                                  |        |     |            | Bus-ID    |            |
|---------------------------------------------------------------------------------------------|
| 0   | NVIDIA GeForce RTX 4090          | Yes: 0 |     | 24564   MB | 10de      | 0          |
|     |                                  |        |     |            | 2684      | 85dee919.. |
|     |                                  |        |     |            | 1         |            |
|=============================================================================================|
| OS: 22.04.5 LTS (Jammy Jellyfish) ubuntu, Version: 22.04.5, Kernel: 6.8.0-90-generic
| Processor: 13th Gen Intel(R) Core(TM) i9-13900K
| Bare Metal Cores: 24 | Bare Metal Logical Cores: 48
| Available Cores:  32 
|---------------------------------------------------------------------------------------------|
| Total Memory (MB): 64067 | Free Memory: 33513
| Total Page/Swap (MB): 2047 | Free Page/Swap: 0
|---------------------------------------------------------------------------------------------|
2026-04-30T20:18:38Z [3,621ms] [Warning] [gpu.foundation.plugin] IOMMU is enabled.
2026-04-30T20:18:38Z [3,656ms] [Warning] [omni.kvdb.plugin] Disabling key-value database because another kit process is locking it
2026-04-30T20:18:42Z [6,992ms] [Warning] [omni.physx.plugin] USD stage detach not called, holding a loose ptr to a stage!
2026-04-30T20:18:42Z [7,214ms] [Warning] [carb] Recursive unloadAllPlugins() detected!
